<?xml version="1.0" encoding="UTF-8" ?>
<testsuite failures="0" time="0.002" errors="0" skipped="0" tests="1" name="akka.TestUnitTest">
  <properties>
    <property name="java.runtime.name" value="Java(TM) SE Runtime Environment"/>
    <property name="sun.boot.library.path" value="/usr/local/java/jdk1.7.0_03/jre/lib/i386"/>
    <property name="java.vm.version" value="22.1-b02"/>
    <property name="java.vm.vendor" value="Oracle Corporation"/>
    <property name="java.vendor.url" value="http://java.oracle.com/"/>
    <property name="path.separator" value=":"/>
    <property name="java.vm.name" value="Java HotSpot(TM) Server VM"/>
    <property name="file.encoding.pkg" value="sun.io"/>
    <property name="user.country" value="GB"/>
    <property name="sun.java.launcher" value="SUN_STANDARD"/>
    <property name="sun.os.patch.level" value="unknown"/>
    <property name="java.vm.specification.name" value="Java Virtual Machine Specification"/>
    <property name="user.dir" value="/home/leighton/IdeaProjects/akka-tutorial"/>
    <property name="java.runtime.version" value="1.7.0_03-b04"/>
    <property name="java.awt.graphicsenv" value="sun.awt.X11GraphicsEnvironment"/>
    <property name="basedir" value="/home/leighton/IdeaProjects/akka-tutorial"/>
    <property name="java.endorsed.dirs" value="/usr/local/java/jdk1.7.0_03/jre/lib/endorsed"/>
    <property name="os.arch" value="i386"/>
    <property name="surefire.real.class.path" value="/home/leighton/IdeaProjects/akka-tutorial/target/surefire/surefirebooter9167176476273546750.jar"/>
    <property name="java.io.tmpdir" value="/tmp"/>
    <property name="line.separator" value="
"/>
    <property name="java.vm.specification.vendor" value="Oracle Corporation"/>
    <property name="os.name" value="Linux"/>
    <property name="sun.jnu.encoding" value="UTF-8"/>
    <property name="java.library.path" value="/usr/java/packages/lib/i386:/lib:/usr/lib"/>
    <property name="surefire.test.class.path" value="/home/leighton/IdeaProjects/akka-tutorial/target/test-classes:/home/leighton/IdeaProjects/akka-tutorial/target/classes:/home/leighton/.m2/repository/org/scala-lang/scala-compiler/2.9.2/scala-compiler-2.9.2.jar:/home/leighton/.m2/repository/org/scala-lang/scala-library/2.9.2/scala-library-2.9.2.jar:/home/leighton/.m2/repository/org/scalamock/scalamock-core_2.9.2/2.4/scalamock-core_2.9.2-2.4.jar:/home/leighton/.m2/repository/junit/junit/4.8.1/junit-4.8.1.jar:/home/leighton/.m2/repository/org/scalatest/scalatest_2.9.2/2.0.M4/scalatest_2.9.2-2.0.M4.jar:/home/leighton/.m2/repository/com/typesafe/akka/akka-actor/2.0.3/akka-actor-2.0.3.jar:/home/leighton/.m2/repository/com/typesafe/config/0.3.1/config-0.3.1.jar:/home/leighton/.m2/repository/com/typesafe/akka/akka-actor-tests/2.0.3/akka-actor-tests-2.0.3.jar:/home/leighton/.m2/repository/com/typesafe/akka/akka-testkit/2.0.3/akka-testkit-2.0.3.jar:/home/leighton/.m2/repository/com/google/protobuf/protobuf-java/2.4.1/protobuf-java-2.4.1.jar:/home/leighton/.m2/repository/org/codehaus/jackson/jackson-mapper-asl/1.8.0/jackson-mapper-asl-1.8.0.jar:/home/leighton/.m2/repository/org/codehaus/jackson/jackson-core-asl/1.8.0/jackson-core-asl-1.8.0.jar:"/>
    <property name="java.specification.name" value="Java Platform API Specification"/>
    <property name="java.class.version" value="51.0"/>
    <property name="sun.management.compiler" value="HotSpot Tiered Compilers"/>
    <property name="os.version" value="3.2.0-32-generic-pae"/>
    <property name="user.home" value="/home/leighton"/>
    <property name="user.timezone" value=""/>
    <property name="java.awt.printerjob" value="sun.print.PSPrinterJob"/>
    <property name="file.encoding" value="UTF-8"/>
    <property name="java.specification.version" value="1.7"/>
    <property name="user.name" value="leighton"/>
    <property name="java.class.path" value="/home/leighton/IdeaProjects/akka-tutorial/target/test-classes:/home/leighton/IdeaProjects/akka-tutorial/target/classes:/home/leighton/.m2/repository/org/scala-lang/scala-compiler/2.9.2/scala-compiler-2.9.2.jar:/home/leighton/.m2/repository/org/scala-lang/scala-library/2.9.2/scala-library-2.9.2.jar:/home/leighton/.m2/repository/org/scalamock/scalamock-core_2.9.2/2.4/scalamock-core_2.9.2-2.4.jar:/home/leighton/.m2/repository/junit/junit/4.8.1/junit-4.8.1.jar:/home/leighton/.m2/repository/org/scalatest/scalatest_2.9.2/2.0.M4/scalatest_2.9.2-2.0.M4.jar:/home/leighton/.m2/repository/com/typesafe/akka/akka-actor/2.0.3/akka-actor-2.0.3.jar:/home/leighton/.m2/repository/com/typesafe/config/0.3.1/config-0.3.1.jar:/home/leighton/.m2/repository/com/typesafe/akka/akka-actor-tests/2.0.3/akka-actor-tests-2.0.3.jar:/home/leighton/.m2/repository/com/typesafe/akka/akka-testkit/2.0.3/akka-testkit-2.0.3.jar:/home/leighton/.m2/repository/com/google/protobuf/protobuf-java/2.4.1/protobuf-java-2.4.1.jar:/home/leighton/.m2/repository/org/codehaus/jackson/jackson-mapper-asl/1.8.0/jackson-mapper-asl-1.8.0.jar:/home/leighton/.m2/repository/org/codehaus/jackson/jackson-core-asl/1.8.0/jackson-core-asl-1.8.0.jar:"/>
    <property name="java.vm.specification.version" value="1.7"/>
    <property name="sun.arch.data.model" value="32"/>
    <property name="java.home" value="/usr/local/java/jdk1.7.0_03/jre"/>
    <property name="sun.java.command" value="/home/leighton/IdeaProjects/akka-tutorial/target/surefire/surefirebooter9167176476273546750.jar /home/leighton/IdeaProjects/akka-tutorial/target/surefire/surefire5232594494173298499tmp /home/leighton/IdeaProjects/akka-tutorial/target/surefire/surefire8746976960292457673tmp"/>
    <property name="java.specification.vendor" value="Oracle Corporation"/>
    <property name="user.language" value="en"/>
    <property name="awt.toolkit" value="sun.awt.X11.XToolkit"/>
    <property name="java.vm.info" value="mixed mode"/>
    <property name="java.version" value="1.7.0_03"/>
    <property name="java.ext.dirs" value="/usr/local/java/jdk1.7.0_03/jre/lib/ext:/usr/java/packages/lib/ext"/>
    <property name="sun.boot.class.path" value="/usr/local/java/jdk1.7.0_03/jre/lib/resources.jar:/usr/local/java/jdk1.7.0_03/jre/lib/rt.jar:/usr/local/java/jdk1.7.0_03/jre/lib/sunrsasign.jar:/usr/local/java/jdk1.7.0_03/jre/lib/jsse.jar:/usr/local/java/jdk1.7.0_03/jre/lib/jce.jar:/usr/local/java/jdk1.7.0_03/jre/lib/charsets.jar:/usr/local/java/jdk1.7.0_03/jre/classes"/>
    <property name="java.vendor" value="Oracle Corporation"/>
    <property name="localRepository" value="/home/leighton/.m2/repository"/>
    <property name="file.separator" value="/"/>
    <property name="java.vendor.url.bug" value="http://bugreport.sun.com/bugreport/"/>
    <property name="sun.cpu.endian" value="little"/>
    <property name="sun.io.unicode.encoding" value="UnicodeLittle"/>
    <property name="sun.desktop" value="gnome"/>
    <property name="sun.cpu.isalist" value=""/>
  </properties>
  <testcase time="0.001" classname="akka.TestUnitTest" name="TwoPlusTwo"/>
</testsuite>